<?xml version="1.0" encoding="UTF-8"?>
<!-- Generated by org.testng.reporters.JUnitReportReporter -->
<testsuite hostname="LAPTOP-R0LDLEQH" failures="0" tests="1" name="com.TestClasses.TC_001VerifyBudgetFilter" time="91.738" errors="0" timestamp="2023-03-09T20:05:20 IST" skipped="0">
  <testcase classname="com.TestClasses.TC_001VerifyBudgetFilter" name="VerifyLogineFunct" time="91.738"/>
  <system-out/>
</testsuite> <!-- com.TestClasses.TC_001VerifyBudgetFilter -->
