<?xml version="1.0" encoding="UTF-8"?>
<!-- Generated by org.testng.reporters.JUnitReportReporter -->
<testsuite hostname="LAPTOP-R0LDLEQH" failures="0" tests="1" name="com.TestClasses.TC_001VerifyLogineURL" time="8.886" errors="0" timestamp="2023-03-08T21:43:28 IST" skipped="0">
  <testcase classname="com.TestClasses.TC_001VerifyLogineURL" name="VerifyLogineFunct" time="8.886"/>
  <system-out/>
</testsuite> <!-- com.TestClasses.TC_001VerifyLogineURL -->
